[      98ms] [ERROR] Using UNSAFE_componentWillMount in strict mode is not recommended and may indicate bugs in your code. See https://react.dev/link/unsafe-component-lifecycles for details.

* Move code with side effects to componentDidMount, and set initial state in the constructor.

Please update the following components: %s SideEffect(NullComponent) @ http://localhost:3000/:66
[    1585ms] [ERROR] Using UNSAFE_componentWillMount in strict mode is not recommended and may indicate bugs in your code. See https://react.dev/link/unsafe-component-lifecycles for details.

* Move code with side effects to componentDidMount, and set initial state in the constructor.

Please update the following components: %s SideEffect(NullComponent) @ http://localhost:3000/:66
[    5519ms] [ERROR] Using UNSAFE_componentWillMount in strict mode is not recommended and may indicate bugs in your code. See https://react.dev/link/unsafe-component-lifecycles for details.

* Move code with side effects to componentDidMount, and set initial state in the constructor.

Please update the following components: %s SideEffect(NullComponent) @ http://localhost:3000/:66
[  526220ms] [ERROR] Failed to load resource: the server responded with a status of 500 (Internal Server Error) @ http://localhost:3000/app/root.jsx?t=1770764096457:0
[  526221ms] [ERROR] [vite] Failed to reload /app/root.jsx. This could be due to syntax errors or importing non-existent modules. (see errors above) @ http://localhost:3000/:66
[  526226ms] [ERROR] Failed to load resource: the server responded with a status of 500 (Internal Server Error) @ http://localhost:3000/app/root.jsx?t=1770764096458:0
[  526227ms] [ERROR] [vite] Failed to reload /app/root.jsx. This could be due to syntax errors or importing non-existent modules. (see errors above) @ http://localhost:3000/:66
[  526229ms] [ERROR] Failed to load resource: the server responded with a status of 500 (Internal Server Error) @ http://localhost:3000/app/root.jsx?t=1770764096456:0
[  526229ms] [ERROR] [vite] Failed to reload /app/root.jsx. This could be due to syntax errors or importing non-existent modules. (see errors above) @ http://localhost:3000/:66
[  526249ms] [ERROR] Failed to load resource: the server responded with a status of 500 (Internal Server Error) @ http://localhost:3000/app/routes/_index.jsx?t=1770764096466:0
[  526249ms] [ERROR] [vite] Failed to reload /app/routes/_index.jsx. This could be due to syntax errors or importing non-existent modules. (see errors above) @ http://localhost:3000/:66
[  526253ms] [ERROR] Failed to load resource: the server responded with a status of 500 (Internal Server Error) @ http://localhost:3000/app/routes/_index.jsx?t=1770764096465:0
[  526253ms] [ERROR] [vite] Failed to reload /app/routes/_index.jsx. This could be due to syntax errors or importing non-existent modules. (see errors above) @ http://localhost:3000/:66
[  526343ms] [ERROR] Failed to load resource: the server responded with a status of 500 (Internal Server Error) @ http://localhost:3000/:0
